[debug] ----------------------------------------------------------------------
[debug] Command:      C:\Program Files\nodejs\node.exe C:\Users\adria\AppData\Roaming\npm\node_modules\firebase-tools\bin\firebase serve
[debug] CLI Version:  3.7.0
[debug] Platform:     win32
[debug] Node Version: v6.10.2
[debug] Time:         Wed May 10 2017 15:04:49 GMT-0700 (Pacific Daylight Time)
[debug] ----------------------------------------------------------------------
[debug] 
[debug] > command requires scopes: ["email","openid","https://www.googleapis.com/auth/cloudplatformprojects.readonly","https://www.googleapis.com/auth/firebase","https://www.googleapis.com/auth/cloud-platform"]
[debug] > refreshing access token with scopes: ["email","https://www.googleapis.com/auth/cloud-platform","https://www.googleapis.com/auth/cloudplatformprojects.readonly","https://www.googleapis.com/auth/firebase","openid"]
[debug] >>> HTTP REQUEST POST https://www.googleapis.com/oauth2/v3/token { refresh_token: '1/cShF8sZAv7wWK7V7MC9Ia5y1RC6iYZDZnEorMFXEjzaKUmSFVZmMx6GJilXHd8V8',
  client_id: '563584335869-fgrhgmd47bqnekij5i8b5pr03ho849e6.apps.googleusercontent.com',
  client_secret: 'j9iVZfS8kkCEFUPaAeJV0sAi',
  grant_type: 'refresh_token',
  scope: 'email https://www.googleapis.com/auth/cloud-platform https://www.googleapis.com/auth/cloudplatformprojects.readonly https://www.googleapis.com/auth/firebase openid' } 
 Wed May 10 2017 15:04:49 GMT-0700 (Pacific Daylight Time)
[debug] <<< HTTP RESPONSE 200
[debug] >>> HTTP REQUEST GET https://admin.firebase.com/v1/projects/myfridge-ff976  
 Wed May 10 2017 15:04:49 GMT-0700 (Pacific Daylight Time)
[debug] <<< HTTP RESPONSE 200
[debug] >>> HTTP REQUEST GET https://admin.firebase.com/v1/database/myfridge-ff976/tokens  
 Wed May 10 2017 15:04:49 GMT-0700 (Pacific Daylight Time)
[debug] <<< HTTP RESPONSE 200
[info] Starting Firebase development server...
[info] 
[info] Project Directory: C:\MAMP\htdocs\myfridge1.0
[debug] >>> HTTP REQUEST GET https://cloudresourcemanager.googleapis.com/v1/projects/myfridge-ff976  
 Wed May 10 2017 15:04:50 GMT-0700 (Pacific Daylight Time)
[debug] <<< HTTP RESPONSE 200
[debug] >>> HTTP REQUEST GET https://mobilesdk-pa.googleapis.com/v1/projects/1076830760594/clients/_:getWebAppConfig  
 Wed May 10 2017 15:04:51 GMT-0700 (Pacific Daylight Time)
[debug] <<< HTTP RESPONSE 200
[info] Public Directory: y
[info] 
[info] Server listening at: http://localhost:5000
